<?xml version="1.0" encoding="UTF-8"?>
<testng-results skipped="0" failed="0" total="1" passed="1">
  <reporter-output>
  </reporter-output>
  <suite name="Suite" duration-ms="11691" started-at="2020-12-29T13:06:31Z" finished-at="2020-12-29T13:06:43Z">
    <groups>
    </groups>
    <test name="Test" duration-ms="11691" started-at="2020-12-29T13:06:31Z" finished-at="2020-12-29T13:06:43Z">
      <class name="Azure.Devops.AzureTest">
        <test-method status="PASS" signature="azuretest()[pri:0, instance:Azure.Devops.AzureTest@2a5ca609]" name="azuretest" duration-ms="11643" started-at="2020-12-29T18:36:32Z" finished-at="2020-12-29T18:36:43Z">
          <reporter-output>
          </reporter-output>
        </test-method> <!-- azuretest -->
      </class> <!-- Azure.Devops.AzureTest -->
    </test> <!-- Test -->
  </suite> <!-- Suite -->
</testng-results>
